<?xml version="1.0" encoding="UTF-8"?>
<testng-results ignored="2" total="5" passed="3" failed="0" skipped="0">
  <reporter-output>
  </reporter-output>
  <suite started-at="2022-10-20T22:48:50 IST" name="Default suite" finished-at="2022-10-20T22:48:50 IST" duration-ms="153">
    <groups>
    </groups>
    <test started-at="2022-10-20T22:48:50 IST" name="Default test" finished-at="2022-10-20T22:48:50 IST" duration-ms="153">
      <class name="com.timeTracking.actitime.Automation.module.ClassATest">
        <test-method is-config="true" signature="bsConfig()[pri:0, instance:com.timeTracking.actitime.Automation.module.ClassATest@5119fb47]" started-at="2022-10-20T22:48:50 IST" name="bsConfig" finished-at="2022-10-20T22:48:50 IST" duration-ms="12" status="PASS">
          <reporter-output>
          </reporter-output>
        </test-method> <!-- bsConfig -->
        <test-method is-config="true" signature="bcConfig()[pri:0, instance:com.timeTracking.actitime.Automation.module.ClassATest@5119fb47]" started-at="2022-10-20T22:48:50 IST" name="bcConfig" finished-at="2022-10-20T22:48:50 IST" duration-ms="1" status="PASS">
          <reporter-output>
          </reporter-output>
        </test-method> <!-- bcConfig -->
        <test-method is-config="true" signature="bmConfig()[pri:0, instance:com.timeTracking.actitime.Automation.module.ClassATest@5119fb47]" started-at="2022-10-20T22:48:50 IST" name="bmConfig" finished-at="2022-10-20T22:48:50 IST" duration-ms="0" status="PASS">
          <reporter-output>
          </reporter-output>
        </test-method> <!-- bmConfig -->
        <test-method signature="demo1Test()[pri:0, instance:com.timeTracking.actitime.Automation.module.ClassATest@5119fb47]" started-at="2022-10-20T22:48:50 IST" name="demo1Test" finished-at="2022-10-20T22:48:50 IST" duration-ms="12" status="PASS">
          <reporter-output>
          </reporter-output>
        </test-method> <!-- demo1Test -->
        <test-method is-config="true" signature="amConfig()[pri:0, instance:com.timeTracking.actitime.Automation.module.ClassATest@5119fb47]" started-at="2022-10-20T22:48:50 IST" name="amConfig" finished-at="2022-10-20T22:48:50 IST" duration-ms="1" status="PASS">
          <reporter-output>
          </reporter-output>
        </test-method> <!-- amConfig -->
        <test-method is-config="true" signature="bmConfig()[pri:0, instance:com.timeTracking.actitime.Automation.module.ClassATest@5119fb47]" started-at="2022-10-20T22:48:50 IST" name="bmConfig" finished-at="2022-10-20T22:48:50 IST" duration-ms="2" status="PASS">
          <reporter-output>
          </reporter-output>
        </test-method> <!-- bmConfig -->
        <test-method signature="demo2Test()[pri:0, instance:com.timeTracking.actitime.Automation.module.ClassATest@5119fb47]" started-at="2022-10-20T22:48:50 IST" name="demo2Test" finished-at="2022-10-20T22:48:50 IST" duration-ms="18" status="PASS">
          <reporter-output>
          </reporter-output>
        </test-method> <!-- demo2Test -->
        <test-method is-config="true" signature="amConfig()[pri:0, instance:com.timeTracking.actitime.Automation.module.ClassATest@5119fb47]" started-at="2022-10-20T22:48:50 IST" name="amConfig" finished-at="2022-10-20T22:48:50 IST" duration-ms="4" status="PASS">
          <reporter-output>
          </reporter-output>
        </test-method> <!-- amConfig -->
        <test-method is-config="true" signature="acConfig()[pri:0, instance:com.timeTracking.actitime.Automation.module.ClassATest@5119fb47]" started-at="2022-10-20T22:48:50 IST" name="acConfig" finished-at="2022-10-20T22:48:50 IST" duration-ms="0" status="PASS">
          <reporter-output>
          </reporter-output>
        </test-method> <!-- acConfig -->
        <test-method is-config="true" signature="asConfig()[pri:0, instance:com.timeTracking.actitime.Automation.module.ClassATest@5119fb47]" started-at="2022-10-20T22:48:50 IST" name="asConfig" finished-at="2022-10-20T22:48:50 IST" duration-ms="1" status="PASS">
          <reporter-output>
          </reporter-output>
        </test-method> <!-- asConfig -->
      </class> <!-- com.timeTracking.actitime.Automation.module.ClassATest -->
      <class name="com.timeTracking.actitime.Automation.module.ClassBTest">
        <test-method is-config="true" signature="bcConfig()[pri:0, instance:com.timeTracking.actitime.Automation.module.ClassBTest@6eda5c9]" started-at="2022-10-20T22:48:50 IST" name="bcConfig" finished-at="2022-10-20T22:48:50 IST" duration-ms="1" status="PASS">
          <reporter-output>
          </reporter-output>
        </test-method> <!-- bcConfig -->
        <test-method is-config="true" signature="bmConfig()[pri:0, instance:com.timeTracking.actitime.Automation.module.ClassBTest@6eda5c9]" started-at="2022-10-20T22:48:50 IST" name="bmConfig" finished-at="2022-10-20T22:48:50 IST" duration-ms="1" status="PASS">
          <reporter-output>
          </reporter-output>
        </test-method> <!-- bmConfig -->
        <test-method signature="demo1Test()[pri:0, instance:com.timeTracking.actitime.Automation.module.ClassBTest@6eda5c9]" started-at="2022-10-20T22:48:50 IST" name="demo1Test" finished-at="2022-10-20T22:48:50 IST" duration-ms="17" status="PASS">
          <reporter-output>
          </reporter-output>
        </test-method> <!-- demo1Test -->
        <test-method is-config="true" signature="amConfig()[pri:0, instance:com.timeTracking.actitime.Automation.module.ClassBTest@6eda5c9]" started-at="2022-10-20T22:48:50 IST" name="amConfig" finished-at="2022-10-20T22:48:50 IST" duration-ms="1" status="PASS">
          <reporter-output>
          </reporter-output>
        </test-method> <!-- amConfig -->
        <test-method is-config="true" signature="acConfig()[pri:0, instance:com.timeTracking.actitime.Automation.module.ClassBTest@6eda5c9]" started-at="2022-10-20T22:48:50 IST" name="acConfig" finished-at="2022-10-20T22:48:50 IST" duration-ms="2" status="PASS">
          <reporter-output>
          </reporter-output>
        </test-method> <!-- acConfig -->
      </class> <!-- com.timeTracking.actitime.Automation.module.ClassBTest -->
    </test> <!-- Default test -->
  </suite> <!-- Default suite -->
</testng-results>
