<?xml version="1.0" encoding="UTF-8"?>
<!-- Generated by org.testng.reporters.JUnitXMLReporter -->
<testsuite ignored="2" hostname="DESKTOP-5GHS52D" failures="0" tests="3" name="Test" time="0.095" errors="0" timestamp="2022-10-20T15:17:25 IST">
  <testcase classname="com.timeTracking.actitime.Automation.module.ClassA" name="demo1" time="0.009"/>
  <testcase classname="com.timeTracking.actitime.Automation.module.ClassA" name="demo2" time="0.003"/>
  <testcase classname="com.timeTracking.actitime.Automation.module.ClassB" name="demo1" time="0.003"/>
  <testcase classname="com.timeTracking.actitime.Automation.genericUtitlty.BaseClass" name="@BeforeSuite bsConfig" time="0.0">
    <ignored/>
  </testcase> <!-- @BeforeSuite bsConfig -->
  <testcase classname="com.timeTracking.actitime.Automation.genericUtitlty.BaseClass" name="@AfterSuite asConfig" time="0.0">
    <ignored/>
  </testcase> <!-- @AfterSuite asConfig -->
</testsuite> <!-- Test -->
