<?xml version="1.0" encoding="UTF-8"?>
<!-- Generated by org.testng.reporters.JUnitXMLReporter -->
<testsuite ignored="2" hostname="DESKTOP-5GHS52D" failures="0" tests="3" name="Default test" time="0.153" errors="0" timestamp="2022-10-20T22:48:50 IST">
  <testcase classname="com.timeTracking.actitime.Automation.module.ClassATest" name="demo1Test" time="0.012"/>
  <testcase classname="com.timeTracking.actitime.Automation.module.ClassATest" name="demo2Test" time="0.018"/>
  <testcase classname="com.timeTracking.actitime.Automation.module.ClassBTest" name="demo1Test" time="0.017"/>
  <testcase classname="com.timeTracking.actitime.Automation.genericUtitlty.BaseClass" name="@BeforeSuite bsConfig" time="0.0">
    <ignored/>
  </testcase> <!-- @BeforeSuite bsConfig -->
  <testcase classname="com.timeTracking.actitime.Automation.genericUtitlty.BaseClass" name="@AfterSuite asConfig" time="0.0">
    <ignored/>
  </testcase> <!-- @AfterSuite asConfig -->
</testsuite> <!-- Default test -->
